{"uid":"c765f2984276e4d5","name":"P4_Properties","fullName":"P2_Navigation.P4_Properties","historyId":"84dbb3badce6de9342e8f69ebd44ec53","time":{"start":1735217489327,"stop":1735217494200,"duration":4873},"status":"failed","statusMessage":"TEST FAIL: Not navigated to properties page \nOr selected property is mismatch name \nexpected: 22 Hope Street Portland, OR 16540\n actual: 24 New Street Miami, OR 24560 expected [true] but found [false]","statusTrace":"java.lang.AssertionError: TEST FAIL: Not navigated to properties page \nOr selected property is mismatch name \nexpected: 22 Hope Street Portland, OR 16540\n actual: 24 New Street Miami, OR 24560 expected [true] but found [false]\r\n\tat org.testng.Assert.fail(Assert.java:110)\r\n\tat org.testng.Assert.failNotEquals(Assert.java:1413)\r\n\tat org.testng.Assert.assertTrue(Assert.java:56)\r\n\tat P2_Navigation.P4_Properties(P2_Navigation.java:67)\r\n\tat java.base/jdk.internal.reflect.NativeMethodAccessorImpl.invoke0(Native Method)\r\n\tat java.base/jdk.internal.reflect.NativeMethodAccessorImpl.invoke(NativeMethodAccessorImpl.java:78)\r\n\tat java.base/jdk.internal.reflect.DelegatingMethodAccessorImpl.invoke(DelegatingMethodAccessorImpl.java:43)\r\n\tat java.base/java.lang.reflect.Method.invoke(Method.java:567)\r\n\tat org.testng.internal.invokers.MethodInvocationHelper.invokeMethod(MethodInvocationHelper.java:135)\r\n\tat org.testng.internal.invokers.TestInvoker.invokeMethod(TestInvoker.java:673)\r\n\tat org.testng.internal.invokers.TestInvoker.invokeTestMethod(TestInvoker.java:220)\r\n\tat org.testng.internal.invokers.MethodRunner.runInSequence(MethodRunner.java:50)\r\n\tat org.testng.internal.invokers.TestInvoker$MethodInvocationAgent.invoke(TestInvoker.java:945)\r\n\tat org.testng.internal.invokers.TestInvoker.invokeTestMethods(TestInvoker.java:193)\r\n\tat org.testng.internal.invokers.TestMethodWorker.invokeTestMethods(TestMethodWorker.java:146)\r\n\tat org.testng.internal.invokers.TestMethodWorker.run(TestMethodWorker.java:128)\r\n\tat java.base/java.util.ArrayList.forEach(ArrayList.java:1511)\r\n\tat org.testng.TestRunner.privateRun(TestRunner.java:808)\r\n\tat org.testng.TestRunner.run(TestRunner.java:603)\r\n\tat org.testng.SuiteRunner.runTest(SuiteRunner.java:429)\r\n\tat org.testng.SuiteRunner.runSequentially(SuiteRunner.java:423)\r\n\tat org.testng.SuiteRunner.privateRun(SuiteRunner.java:383)\r\n\tat org.testng.SuiteRunner.run(SuiteRunner.java:326)\r\n\tat org.testng.SuiteRunnerWorker.runSuite(SuiteRunnerWorker.java:52)\r\n\tat org.testng.SuiteRunnerWorker.run(SuiteRunnerWorker.java:95)\r\n\tat org.testng.TestNG.runSuitesSequentially(TestNG.java:1249)\r\n\tat org.testng.TestNG.runSuitesLocally(TestNG.java:1169)\r\n\tat org.testng.TestNG.runSuites(TestNG.java:1092)\r\n\tat org.testng.TestNG.run(TestNG.java:1060)\r\n\tat com.intellij.rt.testng.IDEARemoteTestNG.run(IDEARemoteTestNG.java:66)\r\n\tat com.intellij.rt.testng.RemoteTestNGStarter.main(RemoteTestNGStarter.java:109)\r\n","flaky":false,"newFailed":false,"newBroken":false,"newPassed":false,"retriesCount":9,"retriesStatusChange":true,"beforeStages":[{"name":"before","time":{"start":1735217480219,"stop":1735217485977,"duration":5758},"description":"","status":"passed","steps":[{"name":"Loading homepage","time":{"start":1735217485977,"stop":1735217485977,"duration":0},"status":"passed","steps":[],"attachments":[],"parameters":[],"shouldDisplayMessage":false,"attachmentsCount":0,"hasContent":false,"stepsCount":0}],"attachments":[],"parameters":[],"shouldDisplayMessage":false,"attachmentsCount":0,"hasContent":true,"stepsCount":1}],"testStage":{"status":"failed","statusMessage":"TEST FAIL: Not navigated to properties page \nOr selected property is mismatch name \nexpected: 22 Hope Street Portland, OR 16540\n actual: 24 New Street Miami, OR 24560 expected [true] but found [false]","statusTrace":"java.lang.AssertionError: TEST FAIL: Not navigated to properties page \nOr selected property is mismatch name \nexpected: 22 Hope Street Portland, OR 16540\n actual: 24 New Street Miami, OR 24560 expected [true] but found [false]\r\n\tat org.testng.Assert.fail(Assert.java:110)\r\n\tat org.testng.Assert.failNotEquals(Assert.java:1413)\r\n\tat org.testng.Assert.assertTrue(Assert.java:56)\r\n\tat P2_Navigation.P4_Properties(P2_Navigation.java:67)\r\n\tat java.base/jdk.internal.reflect.NativeMethodAccessorImpl.invoke0(Native Method)\r\n\tat java.base/jdk.internal.reflect.NativeMethodAccessorImpl.invoke(NativeMethodAccessorImpl.java:78)\r\n\tat java.base/jdk.internal.reflect.DelegatingMethodAccessorImpl.invoke(DelegatingMethodAccessorImpl.java:43)\r\n\tat java.base/java.lang.reflect.Method.invoke(Method.java:567)\r\n\tat org.testng.internal.invokers.MethodInvocationHelper.invokeMethod(MethodInvocationHelper.java:135)\r\n\tat org.testng.internal.invokers.TestInvoker.invokeMethod(TestInvoker.java:673)\r\n\tat org.testng.internal.invokers.TestInvoker.invokeTestMethod(TestInvoker.java:220)\r\n\tat org.testng.internal.invokers.MethodRunner.runInSequence(MethodRunner.java:50)\r\n\tat org.testng.internal.invokers.TestInvoker$MethodInvocationAgent.invoke(TestInvoker.java:945)\r\n\tat org.testng.internal.invokers.TestInvoker.invokeTestMethods(TestInvoker.java:193)\r\n\tat org.testng.internal.invokers.TestMethodWorker.invokeTestMethods(TestMethodWorker.java:146)\r\n\tat org.testng.internal.invokers.TestMethodWorker.run(TestMethodWorker.java:128)\r\n\tat java.base/java.util.ArrayList.forEach(ArrayList.java:1511)\r\n\tat org.testng.TestRunner.privateRun(TestRunner.java:808)\r\n\tat org.testng.TestRunner.run(TestRunner.java:603)\r\n\tat org.testng.SuiteRunner.runTest(SuiteRunner.java:429)\r\n\tat org.testng.SuiteRunner.runSequentially(SuiteRunner.java:423)\r\n\tat org.testng.SuiteRunner.privateRun(SuiteRunner.java:383)\r\n\tat org.testng.SuiteRunner.run(SuiteRunner.java:326)\r\n\tat org.testng.SuiteRunnerWorker.runSuite(SuiteRunnerWorker.java:52)\r\n\tat org.testng.SuiteRunnerWorker.run(SuiteRunnerWorker.java:95)\r\n\tat org.testng.TestNG.runSuitesSequentially(TestNG.java:1249)\r\n\tat org.testng.TestNG.runSuitesLocally(TestNG.java:1169)\r\n\tat org.testng.TestNG.runSuites(TestNG.java:1092)\r\n\tat org.testng.TestNG.run(TestNG.java:1060)\r\n\tat com.intellij.rt.testng.IDEARemoteTestNG.run(IDEARemoteTestNG.java:66)\r\n\tat com.intellij.rt.testng.RemoteTestNGStarter.main(RemoteTestNGStarter.java:109)\r\n","steps":[{"name":"Navigate to properties page","time":{"start":1735217489327,"stop":1735217489327,"duration":0},"status":"passed","steps":[],"attachments":[],"parameters":[],"shouldDisplayMessage":false,"attachmentsCount":0,"hasContent":false,"stepsCount":0},{"name":"Selecting filter Apartment","time":{"start":1735217489931,"stop":1735217489931,"duration":0},"status":"passed","steps":[],"attachments":[],"parameters":[],"shouldDisplayMessage":false,"attachmentsCount":0,"hasContent":false,"stepsCount":0},{"name":"Selecting a property by index 2","time":{"start":1735217491496,"stop":1735217491496,"duration":0},"status":"passed","steps":[],"attachments":[],"parameters":[],"shouldDisplayMessage":false,"attachmentsCount":0,"hasContent":false,"stepsCount":0},{"name":"Property name: 24 New Street Miami, OR 24560","time":{"start":1735217493399,"stop":1735217493399,"duration":0},"status":"passed","steps":[],"attachments":[],"parameters":[],"shouldDisplayMessage":false,"attachmentsCount":0,"hasContent":false,"stepsCount":0}],"attachments":[{"uid":"be0fd5b455334efd","name":"Properties Page","source":"be0fd5b455334efd.png","type":"image/png","size":317069},{"uid":"1179227c64367b66","name":"Filter Applied","source":"1179227c64367b66.png","type":"image/png","size":205806},{"uid":"43d83932dc4cf644","name":"Properties List","source":"43d83932dc4cf644.png","type":"image/png","size":534154},{"uid":"2678b8f2cf466303","name":"Selected Property","source":"2678b8f2cf466303.png","type":"image/png","size":542483}],"parameters":[],"shouldDisplayMessage":true,"attachmentsCount":4,"hasContent":true,"stepsCount":4},"afterStages":[{"name":"after","time":{"start":1735217494204,"stop":1735217494394,"duration":190},"description":"","status":"passed","steps":[{"name":"Closing driver","time":{"start":1735217494204,"stop":1735217494204,"duration":0},"status":"passed","steps":[],"attachments":[],"parameters":[],"shouldDisplayMessage":false,"attachmentsCount":0,"hasContent":false,"stepsCount":0}],"attachments":[],"parameters":[],"shouldDisplayMessage":false,"attachmentsCount":0,"hasContent":true,"stepsCount":1}],"labels":[{"name":"package","value":"P2_Navigation"},{"name":"testClass","value":"P2_Navigation"},{"name":"testMethod","value":"P4_Properties"},{"name":"parentSuite","value":"Default Suite"},{"name":"suite","value":"lcguyAuto"},{"name":"subSuite","value":"P2_Navigation"},{"name":"host","value":"DESKTOP-22PJ6DF"},{"name":"thread","value":"10116@DESKTOP-22PJ6DF.main(1)"},{"name":"framework","value":"testng"},{"name":"language","value":"java"},{"name":"resultFormat","value":"allure2"}],"parameters":[],"links":[],"hidden":false,"retry":false,"extra":{"severity":"normal","retries":[{"uid":"4e9b478bf9492529","status":"broken","statusDetails":"no such element: Unable to locate element: {\"method\":\"xpath\",\"selector\":\"//div[@class='main-content']//h4\"}\n  (Session info: chrome=131.0.6778.205)\nFor documentation on this error, please visit: https://www.selenium.dev/documentation/webdriver/troubleshooting/errors#no-such-element-exception\nBuild info: version: '4.11.0', revision: '040bc5406b'\nSystem info: os.name: 'Windows 10', os.arch: 'amd64', os.version: '10.0', java.version: '16.0.1'\nDriver info: org.openqa.selenium.chrome.ChromeDriver\nCommand: [d71f245f72cd4fdbaf36730d672aa319, findElement {using=xpath, value=//div[@class='main-content']//h4}]\nCapabilities {acceptInsecureCerts: false, browserName: chrome, browserVersion: 131.0.6778.205, chrome: {chromedriverVersion: 131.0.6778.204 (52183f9e99a..., userDataDir: C:\\Users\\GuyRo\\AppData\\Loca...}, fedcm:accounts: true, goog:chromeOptions: {debuggerAddress: localhost:60586}, networkConnectionEnabled: false, pageLoadStrategy: normal, platformName: windows, proxy: Proxy(), se:cdp: ws://localhost:60586/devtoo..., se:cdpVersion: 131.0.6778.205, setWindowRect: true, strictFileInteractability: false, timeouts: {implicit: 0, pageLoad: 300000, script: 30000}, unhandledPromptBehavior: dismiss and notify, webauthn:extension:credBlob: true, webauthn:extension:largeBlob: true, webauthn:extension:minPinLength: true, webauthn:extension:prf: true, webauthn:virtualAuthenticators: true}\nSession ID: d71f245f72cd4fdbaf36730d672aa319","time":{"start":1735217361206,"stop":1735217375017,"duration":13811}},{"uid":"f7be17bc02ce095a","status":"failed","statusDetails":"TEST FAIL: Not navigated to properties page \nOr selected property is mismatch name \nexpected: 22 Hope Street Portland, OR 16540\n actual: 24 New Street Miami, OR 24560 expected [true] but found [false]","time":{"start":1735217302656,"stop":1735217307763,"duration":5107}},{"uid":"1ad3c9b2365c4cfb","status":"failed","statusDetails":"TEST FAIL: Not navigated to properties page \nOr selected property is mismatch name \nexpected: 22 Hope Street Portland, OR 16540\n actual: 24 New Street Miami, OR 24560 expected [true] but found [false]","time":{"start":1735217242847,"stop":1735217247961,"duration":5114}},{"uid":"6cc6817278e540d0","status":"broken","statusDetails":"no such element: Unable to locate element: {\"method\":\"xpath\",\"selector\":\"//div[@class='main-content']//h4\"}\n  (Session info: chrome=131.0.6778.205)\nFor documentation on this error, please visit: https://www.selenium.dev/documentation/webdriver/troubleshooting/errors#no-such-element-exception\nBuild info: version: '4.11.0', revision: '040bc5406b'\nSystem info: os.name: 'Windows 10', os.arch: 'amd64', os.version: '10.0', java.version: '16.0.1'\nDriver info: org.openqa.selenium.chrome.ChromeDriver\nCommand: [5c2e2ab9c4025d2dea19337a85109dc6, findElement {using=xpath, value=//div[@class='main-content']//h4}]\nCapabilities {acceptInsecureCerts: false, browserName: chrome, browserVersion: 131.0.6778.205, chrome: {chromedriverVersion: 131.0.6778.204 (52183f9e99a..., userDataDir: C:\\Users\\GuyRo\\AppData\\Loca...}, fedcm:accounts: true, goog:chromeOptions: {debuggerAddress: localhost:60458}, networkConnectionEnabled: false, pageLoadStrategy: normal, platformName: windows, proxy: Proxy(), se:cdp: ws://localhost:60458/devtoo..., se:cdpVersion: 131.0.6778.205, setWindowRect: true, strictFileInteractability: false, timeouts: {implicit: 0, pageLoad: 300000, script: 30000}, unhandledPromptBehavior: dismiss and notify, webauthn:extension:credBlob: true, webauthn:extension:largeBlob: true, webauthn:extension:minPinLength: true, webauthn:extension:prf: true, webauthn:virtualAuthenticators: true}\nSession ID: 5c2e2ab9c4025d2dea19337a85109dc6","time":{"start":1735217183486,"stop":1735217197893,"duration":14407}},{"uid":"3cc2efef1a747136","status":"broken","statusDetails":"no such element: Unable to locate element: {\"method\":\"xpath\",\"selector\":\"//div[@class='main-content']//h4\"}\n  (Session info: chrome=131.0.6778.205)\nFor documentation on this error, please visit: https://www.selenium.dev/documentation/webdriver/troubleshooting/errors#no-such-element-exception\nBuild info: version: '4.11.0', revision: '040bc5406b'\nSystem info: os.name: 'Windows 10', os.arch: 'amd64', os.version: '10.0', java.version: '16.0.1'\nDriver info: org.openqa.selenium.chrome.ChromeDriver\nCommand: [58a3f7c80e80681c6461617585948e84, findElement {using=xpath, value=//div[@class='main-content']//h4}]\nCapabilities {acceptInsecureCerts: false, browserName: chrome, browserVersion: 131.0.6778.205, chrome: {chromedriverVersion: 131.0.6778.204 (52183f9e99a..., userDataDir: C:\\Users\\GuyRo\\AppData\\Loca...}, fedcm:accounts: true, goog:chromeOptions: {debuggerAddress: localhost:60422}, networkConnectionEnabled: false, pageLoadStrategy: normal, platformName: windows, proxy: Proxy(), se:cdp: ws://localhost:60422/devtoo..., se:cdpVersion: 131.0.6778.205, setWindowRect: true, strictFileInteractability: false, timeouts: {implicit: 0, pageLoad: 300000, script: 30000}, unhandledPromptBehavior: dismiss and notify, webauthn:extension:credBlob: true, webauthn:extension:largeBlob: true, webauthn:extension:minPinLength: true, webauthn:extension:prf: true, webauthn:virtualAuthenticators: true}\nSession ID: 58a3f7c80e80681c6461617585948e84","time":{"start":1735217145657,"stop":1735217160000,"duration":14343}},{"uid":"91bf97b160a7bbfb","status":"failed","statusDetails":"TEST FAIL: Not navigated to properties page \nOr selected property is mismatch name \nexpected: 22 Hope Street Portland, OR 16540\n actual: 24 New Street Miami, OR 24560 expected [true] but found [false]","time":{"start":1735217096239,"stop":1735217101868,"duration":5629}},{"uid":"89c230d1ddf9e7c","status":"failed","statusDetails":"TEST FAIL: Not navigated to properties page \nOr selected property is mismatch name \nexpected: 22 Hope Street Portland, OR 16540\n actual: 24 New Street Miami, OR 24560 expected [true] but found [false]","time":{"start":1735216986954,"stop":1735216992320,"duration":5366}},{"uid":"5f233126f15f0630","status":"failed","statusDetails":"TEST FAIL: Not navigated to properties page \nOr selected property is mismatch name \nexpected: 22 Hope Street Portland, OR 16540\n actual: 24 New Street Miami, OR 24560 expected [true] but found [false]","time":{"start":1735216958010,"stop":1735216963411,"duration":5401}},{"uid":"51f6424660f8fef7","status":"failed","statusDetails":"TEST FAIL: Not navigated to properties page \nOr selected property is mismatch name \nexpected: 22 Hope Street Portland, OR 16540\n actual: 24 New Street Miami, OR 24560 expected [true] but found [false]","time":{"start":1735216374384,"stop":1735216378932,"duration":4548}}],"categories":[{"name":"Product defects","matchedStatuses":[],"flaky":false}],"tags":[]},"source":"c765f2984276e4d5.json","parameterValues":[]}